{
  "RSpec": {
    "coverage": {
      "/Users/uriah/Dev/Bill-Tracker/spec/support/database_cleaner.rb": [
        null,
        null,
        1,
        null,
        1,
        1,
        null,
        null,
        1,
        42,
        null,
        null,
        1,
        0,
        null,
        null,
        1,
        42,
        null,
        null,
        1,
        42,
        null,
        null
      ],
      "/Users/uriah/Dev/Bill-Tracker/spec/support/macros.rb": [
        1,
        33,
        null
      ],
      "/Users/uriah/Dev/Bill-Tracker/spec/support/shared_examples.rb": [
        1,
        5,
        5,
        5,
        null,
        null,
        1,
        5,
        5,
        5,
        null,
        null,
        1,
        5,
        5,
        5,
        null,
        null
      ],
      "/Users/uriah/Dev/Bill-Tracker/spec/controllers/companies_controller_spec.rb": [
        1,
        null,
        1,
        12,
        8,
        12,
        null,
        1,
        1,
        1,
        1,
        null,
        null,
        null,
        1,
        2,
        1,
        null,
        null,
        1,
        2,
        1,
        null,
        null,
        1,
        2,
        1,
        null,
        null,
        1,
        4,
        4,
        null,
        1,
        1,
        1,
        null,
        null,
        1,
        1,
        1,
        null,
        null,
        1,
        null,
        null,
        1,
        4,
        null,
        1,
        1,
        1,
        null,
        null,
        1,
        1,
        1,
        null,
        null,
        1,
        null,
        null,
        1,
        1,
        1,
        1,
        null,
        null,
        null
      ],
      "/Users/uriah/Dev/Bill-Tracker/app/controllers/companies_controller.rb": [
        1,
        1,
        null,
        null,
        null,
        1,
        1,
        null,
        null,
        null,
        null,
        1,
        null,
        null,
        null,
        1,
        1,
        null,
        null,
        null,
        1,
        null,
        null,
        null,
        null,
        1,
        3,
        null,
        3,
        3,
        6,
        3,
        null,
        0,
        0,
        null,
        null,
        null,
        null,
        null,
        null,
        1,
        3,
        3,
        6,
        3,
        null,
        0,
        0,
        null,
        null,
        null,
        null,
        null,
        null,
        1,
        1,
        1,
        2,
        1,
        null,
        null,
        null,
        1,
        null,
        1,
        6,
        null,
        null,
        null,
        1,
        6,
        null,
        null
      ],
      "/Users/uriah/Dev/Bill-Tracker/app/controllers/application_controller.rb": [
        1,
        null,
        null,
        1,
        1,
        null
      ],
      "/Users/uriah/Dev/Bill-Tracker/spec/controllers/payment_methods_controller_spec.rb": [
        1,
        null,
        1,
        12,
        8,
        null,
        12,
        null,
        1,
        1,
        1,
        1,
        null,
        null,
        null,
        1,
        2,
        1,
        null,
        null,
        1,
        2,
        1,
        null,
        null,
        1,
        2,
        1,
        null,
        null,
        1,
        4,
        4,
        null,
        1,
        1,
        1,
        null,
        null,
        1,
        1,
        1,
        null,
        null,
        1,
        null,
        null,
        1,
        4,
        null,
        1,
        1,
        1,
        null,
        null,
        1,
        1,
        1,
        null,
        null,
        1,
        null,
        null,
        1,
        1,
        1,
        1,
        null,
        null,
        null
      ],
      "/Users/uriah/Dev/Bill-Tracker/app/controllers/payment_methods_controller.rb": [
        1,
        1,
        null,
        null,
        null,
        1,
        1,
        null,
        null,
        null,
        null,
        1,
        null,
        null,
        null,
        1,
        1,
        null,
        null,
        null,
        1,
        null,
        null,
        null,
        null,
        1,
        3,
        null,
        3,
        3,
        6,
        3,
        null,
        0,
        0,
        null,
        null,
        null,
        null,
        null,
        null,
        1,
        3,
        3,
        6,
        3,
        null,
        0,
        0,
        null,
        null,
        null,
        null,
        null,
        null,
        1,
        1,
        1,
        2,
        1,
        null,
        null,
        null,
        1,
        null,
        1,
        6,
        null,
        null,
        null,
        1,
        6,
        null,
        null
      ],
      "/Users/uriah/Dev/Bill-Tracker/spec/controllers/payments_controller_spec.rb": [
        1,
        null,
        1,
        12,
        8,
        8,
        8,
        null,
        12,
        null,
        1,
        1,
        1,
        1,
        null,
        null,
        null,
        1,
        2,
        1,
        null,
        null,
        1,
        2,
        1,
        null,
        null,
        1,
        2,
        1,
        null,
        null,
        1,
        4,
        4,
        null,
        1,
        1,
        1,
        null,
        null,
        1,
        1,
        1,
        null,
        null,
        1,
        null,
        null,
        1,
        4,
        4,
        null,
        1,
        1,
        1,
        null,
        null,
        1,
        1,
        1,
        null,
        null,
        1,
        null,
        null,
        1,
        1,
        1,
        1,
        null,
        null,
        null
      ],
      "/Users/uriah/Dev/Bill-Tracker/app/controllers/payments_controller.rb": [
        1,
        1,
        null,
        null,
        null,
        1,
        1,
        null,
        null,
        null,
        null,
        1,
        null,
        null,
        null,
        1,
        1,
        null,
        null,
        null,
        1,
        null,
        null,
        null,
        null,
        1,
        3,
        null,
        3,
        3,
        6,
        3,
        null,
        0,
        0,
        null,
        null,
        null,
        null,
        null,
        null,
        1,
        3,
        3,
        6,
        3,
        null,
        0,
        0,
        null,
        null,
        null,
        null,
        null,
        null,
        1,
        1,
        1,
        2,
        1,
        null,
        null,
        null,
        1,
        null,
        1,
        6,
        null,
        null,
        null,
        1,
        6,
        null,
        null
      ],
      "/Users/uriah/Dev/Bill-Tracker/spec/models/company_spec.rb": [
        1,
        null,
        1,
        2,
        2,
        null
      ],
      "/Users/uriah/Dev/Bill-Tracker/app/models/company.rb": [
        1,
        1,
        1,
        null
      ],
      "/Users/uriah/Dev/Bill-Tracker/spec/models/payment_method_spec.rb": [
        1,
        null,
        1,
        2,
        2,
        null
      ],
      "/Users/uriah/Dev/Bill-Tracker/app/models/payment_method.rb": [
        1,
        1,
        1,
        null
      ],
      "/Users/uriah/Dev/Bill-Tracker/spec/models/payment_spec.rb": [
        1,
        null,
        1,
        2,
        2,
        null
      ],
      "/Users/uriah/Dev/Bill-Tracker/app/models/payment.rb": [
        1,
        1,
        1,
        null
      ],
      "/Users/uriah/Dev/Bill-Tracker/spec/models/user_spec.rb": [
        1,
        null,
        1,
        2,
        2,
        2,
        null
      ],
      "/Users/uriah/Dev/Bill-Tracker/spec/fabricators/company_fabricator.rb": [
        1,
        21,
        21,
        1,
        null
      ],
      "/Users/uriah/Dev/Bill-Tracker/spec/fabricators/payment_fabricator.rb": [
        1,
        1,
        1,
        11,
        11,
        null
      ],
      "/Users/uriah/Dev/Bill-Tracker/spec/fabricators/payment_method_fabricator.rb": [
        1,
        21,
        21,
        1,
        null
      ],
      "/Users/uriah/Dev/Bill-Tracker/spec/fabricators/user_fabricator.rb": [
        1,
        46,
        46,
        46,
        null
      ]
    },
    "timestamp": 1409517187
  }
}
